0 verbose cli /opt/homebrew/Cellar/node/23.9.0/bin/node /opt/homebrew/bin/npm
1 info using npm@11.2.0
2 info using node@v23.9.0
3 silly config load:file:/opt/homebrew/lib/node_modules/npm/npmrc
4 silly config load:file:/Users/rajiv.singh/Desktop/projects/DistSys/.npmrc
5 silly config load:file:/Users/rajiv.singh/.npmrc
6 silly config load:file:/opt/homebrew/etc/npmrc
7 verbose title npm view @radix-ui/react-alert-dialog description dist-tags.latest homepage version time
8 verbose argv "view" "--json" "--" "@radix-ui/react-alert-dialog" "description" "dist-tags.latest" "homepage" "version" "time"
9 verbose logfile logs-max:10 dir:/Users/rajiv.singh/Desktop/projects/DistSys/C:\npmcache/_logs/2025-03-09T23_33_45_237Z-
10 verbose logfile /Users/rajiv.singh/Desktop/projects/DistSys/C:\npmcache/_logs/2025-03-09T23_33_45_237Z-debug-0.log
11 silly logfile done cleaning log files
12 http fetch GET 200 https://registry.npmjs.org/npm 148ms
13 http fetch GET 200 https://registry.npmjs.org/@radix-ui%2freact-alert-dialog 497ms (cache miss)
14 verbose cwd /Users/rajiv.singh/Desktop/projects/DistSys
15 verbose os Darwin 24.0.0
16 verbose node v23.9.0
17 verbose npm  v11.2.0
18 verbose exit 0
19 info ok
